#-----------------------------------------------------------
# Vivado v2020.1 (64-bit)
# SW Build 2902540 on Wed May 27 19:54:49 MDT 2020
# IP Build 2902112 on Wed May 27 22:43:36 MDT 2020
# Start of session at: Tue Nov 30 18:53:21 2021
# Process ID: 30472
# Current directory: C:/Users/joshr/Documents/Duke/Duke Fall 2021/ECE350/ECE350FinalProject/bird_project
# Command line: vivado.exe -gui_launcher_event rodinguilauncherevent23992 C:\Users\joshr\Documents\Duke\Duke Fall 2021\ECE350\ECE350FinalProject\bird_project\bird_project.xpr
# Log file: C:/Users/joshr/Documents/Duke/Duke Fall 2021/ECE350/ECE350FinalProject/bird_project/vivado.log
# Journal file: C:/Users/joshr/Documents/Duke/Duke Fall 2021/ECE350/ECE350FinalProject/bird_project\vivado.jou
#-----------------------------------------------------------
start_gui
open_project {C:/Users/joshr/Documents/Duke/Duke Fall 2021/ECE350/ECE350FinalProject/bird_project/bird_project.xpr}
INFO: [ProjectBase 1-489] The host OS only allows 260 characters in a normal path. The project is stored in a path with more than 80 characters. If you experience issues with IP, Block Designs, or files not being found, please consider moving the project to a location with a shorter path. Alternately consider using the OS subst command to map part of the path to a drive letter.
Current project path is 'C:/Users/joshr/Documents/Duke/Duke Fall 2021/ECE350/ECE350FinalProject/bird_project'
Scanning sources...
Finished scanning sources
WARNING: [filemgmt 56-3] Default IP Output Path : Could not find the directory 'C:/Users/joshr/Documents/Duke/Duke Fall 2021/ECE350/ECE350FinalProject/bird_project/bird_project.srcs/sources_1'.
INFO: [IP_Flow 19-234] Refreshing IP repositories
INFO: [IP_Flow 19-1704] No user IP repositories specified
INFO: [IP_Flow 19-2313] Loaded Vivado IP repository 'C:/Xilinx/Vivado/2020.1/data/ip'.
open_project: Time (s): cpu = 00:00:25 ; elapsed = 00:00:10 . Memory (MB): peak = 1196.559 ; gain = 0.000
exit
INFO: [Common 17-206] Exiting Vivado at Tue Nov 30 18:53:56 2021...
