
*** Running vivado
    with args -log Main.vds -m64 -product Vivado -mode batch -messageDb vivado.pb -notrace -source Main.tcl



****** Vivado v2020.1 (64-bit)
  **** SW Build 2902540 on Wed May 27 19:54:49 MDT 2020
  **** IP Build 2902112 on Wed May 27 22:43:36 MDT 2020
    ** Copyright 1986-2020 Xilinx, Inc. All Rights Reserved.

source Main.tcl -notrace
Command: synth_design -top Main -part xc7a100tcsg324-1
Starting synth_design
Attempting to get a license for feature 'Synthesis' and/or device 'xc7a100t'
INFO: [Common 17-349] Got license for feature 'Synthesis' and/or device 'xc7a100t'
INFO: [Device 21-403] Loading part xc7a100tcsg324-1
INFO: [Synth 8-7079] Multithreading enabled for synth_design using a maximum of 2 processes.
INFO: [Synth 8-7078] Launching helper process for spawning children vivado processes
INFO: [Synth 8-7075] Helper process launched with PID 22520
WARNING: [Synth 8-6901] identifier 'BITS_PER_COLOR' is used before its declaration [C:/Users/joshr/Documents/Duke/Duke Fall 2021/ECE350/ECE350FinalProject/Controller/IOController/OutputControllers/VGAController/Images/Image.v:6]
WARNING: [Synth 8-6901] identifier 'PALETTE_ADDRESS_WIDTH' is used before its declaration [C:/Users/joshr/Documents/Duke/Duke Fall 2021/ECE350/ECE350FinalProject/Controller/IOController/OutputControllers/VGAController/Images/Image.v:12]
WARNING: [Synth 8-992] inside_bottom_shaft is already implicitly declared earlier [C:/Users/joshr/Documents/Duke/Duke Fall 2021/ECE350/ECE350FinalProject/Controller/IOController/OutputControllers/VGAController/Images/PipeDisplay.v:58]
WARNING: [Synth 8-6901] identifier 'is_addi' is used before its declaration [C:/Users/joshr/Documents/Duke/Duke Fall 2021/ECE350/ECE350FinalProject/CPU/Components/Stages/execute.v:91]
WARNING: [Synth 8-6901] identifier 'sign_extended_immediate' is used before its declaration [C:/Users/joshr/Documents/Duke/Duke Fall 2021/ECE350/ECE350FinalProject/CPU/Components/Stages/execute.v:91]
WARNING: [Synth 8-6901] identifier 'sign_extended_target' is used before its declaration [C:/Users/joshr/Documents/Duke/Duke Fall 2021/ECE350/ECE350FinalProject/CPU/Components/Stages/execute.v:126]
WARNING: [Synth 8-1935] empty port in module declaration [C:/Users/joshr/Documents/Duke/Duke Fall 2021/ECE350/ECE350FinalProject/CPU/Components/Stages/memory.v:22]
---------------------------------------------------------------------------------
Starting RTL Elaboration : Time (s): cpu = 00:00:07 ; elapsed = 00:00:07 . Memory (MB): peak = 1013.355 ; gain = 0.000
---------------------------------------------------------------------------------
INFO: [Synth 8-6157] synthesizing module 'Main' [C:/Users/joshr/Documents/Duke/Duke Fall 2021/ECE350/ECE350FinalProject/Main.v:1]
	Parameter MHz bound to: 1000000 - type: integer 
	Parameter SYSTEM_FREQ bound to: 100000000 - type: integer 
	Parameter PROC_FREQ bound to: 50000000 - type: integer 
	Parameter GAME_FRAME_RT bound to: 64'b0000000000000000000000000000000000000000000000000000000000111100 
INFO: [Synth 8-6157] synthesizing module 'clock_divider' [C:/Users/joshr/Documents/Duke/Duke Fall 2021/ECE350/ECE350FinalProject/BuildingBlocks/clock_divider.v:1]
INFO: [Synth 8-6155] done synthesizing module 'clock_divider' (1#1) [C:/Users/joshr/Documents/Duke/Duke Fall 2021/ECE350/ECE350FinalProject/BuildingBlocks/clock_divider.v:1]
INFO: [Synth 8-6157] synthesizing module 'CPU' [C:/Users/joshr/Documents/Duke/Duke Fall 2021/ECE350/ECE350FinalProject/CPU/CPU.v:27]
	Parameter INSTR_FILE bound to: ../../../Assembly/game - type: string 
INFO: [Synth 8-6157] synthesizing module 'processor' [C:/Users/joshr/Documents/Duke/Duke Fall 2021/ECE350/ECE350FinalProject/CPU/Components/processor.v:20]
INFO: [Synth 8-6157] synthesizing module 'fetch' [C:/Users/joshr/Documents/Duke/Duke Fall 2021/ECE350/ECE350FinalProject/CPU/Components/Stages/fetch.v:1]
INFO: [Synth 8-6157] synthesizing module 'reg_32' [C:/Users/joshr/Documents/Duke/Duke Fall 2021/ECE350/ECE350FinalProject/CPU/BuildingBlocks/reg_32.v:2]
INFO: [Synth 8-6157] synthesizing module 'dff_tri' [C:/Users/joshr/Documents/Duke/Duke Fall 2021/ECE350/ECE350FinalProject/CPU/BuildingBlocks/dff_tri.v:1]
INFO: [Synth 8-6157] synthesizing module 'dffe_ref' [C:/Users/joshr/Documents/Duke/Duke Fall 2021/ECE350/ECE350FinalProject/CPU/BuildingBlocks/dffe_ref.v:1]
INFO: [Synth 8-6155] done synthesizing module 'dffe_ref' (2#1) [C:/Users/joshr/Documents/Duke/Duke Fall 2021/ECE350/ECE350FinalProject/CPU/BuildingBlocks/dffe_ref.v:1]
INFO: [Synth 8-6155] done synthesizing module 'dff_tri' (3#1) [C:/Users/joshr/Documents/Duke/Duke Fall 2021/ECE350/ECE350FinalProject/CPU/BuildingBlocks/dff_tri.v:1]
INFO: [Synth 8-6155] done synthesizing module 'reg_32' (4#1) [C:/Users/joshr/Documents/Duke/Duke Fall 2021/ECE350/ECE350FinalProject/CPU/BuildingBlocks/reg_32.v:2]
INFO: [Synth 8-6157] synthesizing module 'my_alu' [C:/Users/joshr/Documents/Duke/Duke Fall 2021/ECE350/ECE350FinalProject/CPU/Components/StageComponents/ALU/my_alu.v:1]
INFO: [Synth 8-6157] synthesizing module 'bitwise_and' [C:/Users/joshr/Documents/Duke/Duke Fall 2021/ECE350/ECE350FinalProject/CPU/Components/StageComponents/ALU/bitwise_and.v:1]
INFO: [Synth 8-6155] done synthesizing module 'bitwise_and' (5#1) [C:/Users/joshr/Documents/Duke/Duke Fall 2021/ECE350/ECE350FinalProject/CPU/Components/StageComponents/ALU/bitwise_and.v:1]
INFO: [Synth 8-6157] synthesizing module 'bitwise_or' [C:/Users/joshr/Documents/Duke/Duke Fall 2021/ECE350/ECE350FinalProject/CPU/Components/StageComponents/ALU/bitwise_or.v:1]
INFO: [Synth 8-6155] done synthesizing module 'bitwise_or' (6#1) [C:/Users/joshr/Documents/Duke/Duke Fall 2021/ECE350/ECE350FinalProject/CPU/Components/StageComponents/ALU/bitwise_or.v:1]
INFO: [Synth 8-6157] synthesizing module 'bitwise_not' [C:/Users/joshr/Documents/Duke/Duke Fall 2021/ECE350/ECE350FinalProject/CPU/Components/StageComponents/ALU/bitwise_not.v:1]
INFO: [Synth 8-6155] done synthesizing module 'bitwise_not' (7#1) [C:/Users/joshr/Documents/Duke/Duke Fall 2021/ECE350/ECE350FinalProject/CPU/Components/StageComponents/ALU/bitwise_not.v:1]
INFO: [Synth 8-6157] synthesizing module 'two_level_carry_lookahead' [C:/Users/joshr/Documents/Duke/Duke Fall 2021/ECE350/ECE350FinalProject/CPU/Components/StageComponents/ALU/two_level_carry_lookahead.v:1]
INFO: [Synth 8-6157] synthesizing module 'carry_lookahead_8bit' [C:/Users/joshr/Documents/Duke/Duke Fall 2021/ECE350/ECE350FinalProject/CPU/Components/StageComponents/ALU/carry_lookahead_8bit.v:1]
INFO: [Synth 8-6155] done synthesizing module 'carry_lookahead_8bit' (8#1) [C:/Users/joshr/Documents/Duke/Duke Fall 2021/ECE350/ECE350FinalProject/CPU/Components/StageComponents/ALU/carry_lookahead_8bit.v:1]
INFO: [Synth 8-6155] done synthesizing module 'two_level_carry_lookahead' (9#1) [C:/Users/joshr/Documents/Duke/Duke Fall 2021/ECE350/ECE350FinalProject/CPU/Components/StageComponents/ALU/two_level_carry_lookahead.v:1]
INFO: [Synth 8-6157] synthesizing module 'barrel_left_shifter' [C:/Users/joshr/Documents/Duke/Duke Fall 2021/ECE350/ECE350FinalProject/CPU/BuildingBlocks/barrel_left_shifter.v:1]
INFO: [Synth 8-6155] done synthesizing module 'barrel_left_shifter' (10#1) [C:/Users/joshr/Documents/Duke/Duke Fall 2021/ECE350/ECE350FinalProject/CPU/BuildingBlocks/barrel_left_shifter.v:1]
INFO: [Synth 8-6157] synthesizing module 'barrel_right_shifter' [C:/Users/joshr/Documents/Duke/Duke Fall 2021/ECE350/ECE350FinalProject/CPU/Components/StageComponents/ALU/barrel_right_shifter.v:1]
INFO: [Synth 8-6155] done synthesizing module 'barrel_right_shifter' (11#1) [C:/Users/joshr/Documents/Duke/Duke Fall 2021/ECE350/ECE350FinalProject/CPU/Components/StageComponents/ALU/barrel_right_shifter.v:1]
INFO: [Synth 8-6157] synthesizing module 'mux_8' [C:/Users/joshr/Documents/Duke/Duke Fall 2021/ECE350/ECE350FinalProject/CPU/BuildingBlocks/Mux8.v:1]
INFO: [Synth 8-6157] synthesizing module 'mux_4' [C:/Users/joshr/Documents/Duke/Duke Fall 2021/ECE350/ECE350FinalProject/CPU/BuildingBlocks/Mux4.v:1]
INFO: [Synth 8-6157] synthesizing module 'mux_2' [C:/Users/joshr/Documents/Duke/Duke Fall 2021/ECE350/ECE350FinalProject/CPU/BuildingBlocks/Mux2.v:1]
INFO: [Synth 8-6155] done synthesizing module 'mux_2' (12#1) [C:/Users/joshr/Documents/Duke/Duke Fall 2021/ECE350/ECE350FinalProject/CPU/BuildingBlocks/Mux2.v:1]
INFO: [Synth 8-6155] done synthesizing module 'mux_4' (13#1) [C:/Users/joshr/Documents/Duke/Duke Fall 2021/ECE350/ECE350FinalProject/CPU/BuildingBlocks/Mux4.v:1]
INFO: [Synth 8-6155] done synthesizing module 'mux_8' (14#1) [C:/Users/joshr/Documents/Duke/Duke Fall 2021/ECE350/ECE350FinalProject/CPU/BuildingBlocks/Mux8.v:1]
INFO: [Synth 8-6155] done synthesizing module 'my_alu' (15#1) [C:/Users/joshr/Documents/Duke/Duke Fall 2021/ECE350/ECE350FinalProject/CPU/Components/StageComponents/ALU/my_alu.v:1]
INFO: [Synth 8-6157] synthesizing module 'mult' [C:/Users/joshr/Documents/Duke/Duke Fall 2021/ECE350/ECE350FinalProject/CPU/Components/StageComponents/InstructionParsers/OpcodeParsers/mult.v:1]
INFO: [Synth 8-6157] synthesizing module 'r_type' [C:/Users/joshr/Documents/Duke/Duke Fall 2021/ECE350/ECE350FinalProject/CPU/Components/StageComponents/InstructionParsers/OpcodeParsers/r_type.v:1]
INFO: [Synth 8-6155] done synthesizing module 'r_type' (16#1) [C:/Users/joshr/Documents/Duke/Duke Fall 2021/ECE350/ECE350FinalProject/CPU/Components/StageComponents/InstructionParsers/OpcodeParsers/r_type.v:1]
INFO: [Synth 8-6155] done synthesizing module 'mult' (17#1) [C:/Users/joshr/Documents/Duke/Duke Fall 2021/ECE350/ECE350FinalProject/CPU/Components/StageComponents/InstructionParsers/OpcodeParsers/mult.v:1]
INFO: [Synth 8-6157] synthesizing module 'div' [C:/Users/joshr/Documents/Duke/Duke Fall 2021/ECE350/ECE350FinalProject/CPU/Components/StageComponents/InstructionParsers/OpcodeParsers/div.v:1]
INFO: [Synth 8-6155] done synthesizing module 'div' (18#1) [C:/Users/joshr/Documents/Duke/Duke Fall 2021/ECE350/ECE350FinalProject/CPU/Components/StageComponents/InstructionParsers/OpcodeParsers/div.v:1]
INFO: [Synth 8-6155] done synthesizing module 'fetch' (19#1) [C:/Users/joshr/Documents/Duke/Duke Fall 2021/ECE350/ECE350FinalProject/CPU/Components/Stages/fetch.v:1]
INFO: [Synth 8-6157] synthesizing module 'decode' [C:/Users/joshr/Documents/Duke/Duke Fall 2021/ECE350/ECE350FinalProject/CPU/Components/Stages/decode.v:1]
INFO: [Synth 8-6157] synthesizing module 'rs1_parser' [C:/Users/joshr/Documents/Duke/Duke Fall 2021/ECE350/ECE350FinalProject/CPU/Components/StageComponents/InstructionParsers/RegisterControlParsers/rs1_parser.v:1]
INFO: [Synth 8-6157] synthesizing module 'bex' [C:/Users/joshr/Documents/Duke/Duke Fall 2021/ECE350/ECE350FinalProject/CPU/Components/StageComponents/InstructionParsers/OpcodeParsers/bex.v:1]
INFO: [Synth 8-6155] done synthesizing module 'bex' (20#1) [C:/Users/joshr/Documents/Duke/Duke Fall 2021/ECE350/ECE350FinalProject/CPU/Components/StageComponents/InstructionParsers/OpcodeParsers/bex.v:1]
INFO: [Synth 8-6155] done synthesizing module 'rs1_parser' (21#1) [C:/Users/joshr/Documents/Duke/Duke Fall 2021/ECE350/ECE350FinalProject/CPU/Components/StageComponents/InstructionParsers/RegisterControlParsers/rs1_parser.v:1]
INFO: [Synth 8-6157] synthesizing module 'rs2_parser' [C:/Users/joshr/Documents/Duke/Duke Fall 2021/ECE350/ECE350FinalProject/CPU/Components/StageComponents/InstructionParsers/RegisterControlParsers/rs2_parser.v:1]
INFO: [Synth 8-6157] synthesizing module 'bne' [C:/Users/joshr/Documents/Duke/Duke Fall 2021/ECE350/ECE350FinalProject/CPU/Components/StageComponents/InstructionParsers/OpcodeParsers/bne.v:1]
INFO: [Synth 8-6155] done synthesizing module 'bne' (22#1) [C:/Users/joshr/Documents/Duke/Duke Fall 2021/ECE350/ECE350FinalProject/CPU/Components/StageComponents/InstructionParsers/OpcodeParsers/bne.v:1]
INFO: [Synth 8-6157] synthesizing module 'blt' [C:/Users/joshr/Documents/Duke/Duke Fall 2021/ECE350/ECE350FinalProject/CPU/Components/StageComponents/InstructionParsers/OpcodeParsers/blt.v:1]
INFO: [Synth 8-6155] done synthesizing module 'blt' (23#1) [C:/Users/joshr/Documents/Duke/Duke Fall 2021/ECE350/ECE350FinalProject/CPU/Components/StageComponents/InstructionParsers/OpcodeParsers/blt.v:1]
INFO: [Synth 8-6157] synthesizing module 'store' [C:/Users/joshr/Documents/Duke/Duke Fall 2021/ECE350/ECE350FinalProject/CPU/Components/StageComponents/InstructionParsers/OpcodeParsers/store.v:1]
INFO: [Synth 8-6155] done synthesizing module 'store' (24#1) [C:/Users/joshr/Documents/Duke/Duke Fall 2021/ECE350/ECE350FinalProject/CPU/Components/StageComponents/InstructionParsers/OpcodeParsers/store.v:1]
INFO: [Synth 8-6157] synthesizing module 'jr' [C:/Users/joshr/Documents/Duke/Duke Fall 2021/ECE350/ECE350FinalProject/CPU/Components/StageComponents/InstructionParsers/OpcodeParsers/jr.v:1]
INFO: [Synth 8-6155] done synthesizing module 'jr' (25#1) [C:/Users/joshr/Documents/Duke/Duke Fall 2021/ECE350/ECE350FinalProject/CPU/Components/StageComponents/InstructionParsers/OpcodeParsers/jr.v:1]
INFO: [Synth 8-6155] done synthesizing module 'rs2_parser' (26#1) [C:/Users/joshr/Documents/Duke/Duke Fall 2021/ECE350/ECE350FinalProject/CPU/Components/StageComponents/InstructionParsers/RegisterControlParsers/rs2_parser.v:1]
INFO: [Synth 8-6157] synthesizing module 'rd_parser' [C:/Users/joshr/Documents/Duke/Duke Fall 2021/ECE350/ECE350FinalProject/CPU/Components/StageComponents/InstructionParsers/RegisterControlParsers/rd_parser.v:1]
INFO: [Synth 8-6157] synthesizing module 'jal' [C:/Users/joshr/Documents/Duke/Duke Fall 2021/ECE350/ECE350FinalProject/CPU/Components/StageComponents/InstructionParsers/OpcodeParsers/jal.v:1]
INFO: [Synth 8-6155] done synthesizing module 'jal' (27#1) [C:/Users/joshr/Documents/Duke/Duke Fall 2021/ECE350/ECE350FinalProject/CPU/Components/StageComponents/InstructionParsers/OpcodeParsers/jal.v:1]
INFO: [Synth 8-6157] synthesizing module 'setx' [C:/Users/joshr/Documents/Duke/Duke Fall 2021/ECE350/ECE350FinalProject/CPU/Components/StageComponents/InstructionParsers/OpcodeParsers/setx.v:1]
INFO: [Synth 8-6155] done synthesizing module 'setx' (28#1) [C:/Users/joshr/Documents/Duke/Duke Fall 2021/ECE350/ECE350FinalProject/CPU/Components/StageComponents/InstructionParsers/OpcodeParsers/setx.v:1]
INFO: [Synth 8-6155] done synthesizing module 'rd_parser' (29#1) [C:/Users/joshr/Documents/Duke/Duke Fall 2021/ECE350/ECE350FinalProject/CPU/Components/StageComponents/InstructionParsers/RegisterControlParsers/rd_parser.v:1]
INFO: [Synth 8-6157] synthesizing module 'addi' [C:/Users/joshr/Documents/Duke/Duke Fall 2021/ECE350/ECE350FinalProject/CPU/Components/StageComponents/InstructionParsers/OpcodeParsers/addi.v:1]
INFO: [Synth 8-6155] done synthesizing module 'addi' (30#1) [C:/Users/joshr/Documents/Duke/Duke Fall 2021/ECE350/ECE350FinalProject/CPU/Components/StageComponents/InstructionParsers/OpcodeParsers/addi.v:1]
INFO: [Synth 8-6157] synthesizing module 'load' [C:/Users/joshr/Documents/Duke/Duke Fall 2021/ECE350/ECE350FinalProject/CPU/Components/StageComponents/InstructionParsers/OpcodeParsers/load.v:1]
INFO: [Synth 8-6155] done synthesizing module 'load' (31#1) [C:/Users/joshr/Documents/Duke/Duke Fall 2021/ECE350/ECE350FinalProject/CPU/Components/StageComponents/InstructionParsers/OpcodeParsers/load.v:1]
INFO: [Synth 8-6157] synthesizing module 'instruction_has_destination' [C:/Users/joshr/Documents/Duke/Duke Fall 2021/ECE350/ECE350FinalProject/CPU/Components/StageComponents/InstructionParsers/RegisterControlParsers/instruction_has_destination.v:1]
INFO: [Synth 8-6157] synthesizing module 'j' [C:/Users/joshr/Documents/Duke/Duke Fall 2021/ECE350/ECE350FinalProject/CPU/Components/StageComponents/InstructionParsers/OpcodeParsers/j.v:1]
INFO: [Synth 8-6155] done synthesizing module 'j' (32#1) [C:/Users/joshr/Documents/Duke/Duke Fall 2021/ECE350/ECE350FinalProject/CPU/Components/StageComponents/InstructionParsers/OpcodeParsers/j.v:1]
INFO: [Synth 8-6155] done synthesizing module 'instruction_has_destination' (33#1) [C:/Users/joshr/Documents/Duke/Duke Fall 2021/ECE350/ECE350FinalProject/CPU/Components/StageComponents/InstructionParsers/RegisterControlParsers/instruction_has_destination.v:1]
INFO: [Synth 8-6155] done synthesizing module 'decode' (34#1) [C:/Users/joshr/Documents/Duke/Duke Fall 2021/ECE350/ECE350FinalProject/CPU/Components/Stages/decode.v:1]
INFO: [Synth 8-6157] synthesizing module 'execute' [C:/Users/joshr/Documents/Duke/Duke Fall 2021/ECE350/ECE350FinalProject/CPU/Components/Stages/execute.v:1]
INFO: [Synth 8-6157] synthesizing module 'sign_extender_17' [C:/Users/joshr/Documents/Duke/Duke Fall 2021/ECE350/ECE350FinalProject/CPU/BuildingBlocks/sign_extender_17.v:1]
INFO: [Synth 8-6155] done synthesizing module 'sign_extender_17' (35#1) [C:/Users/joshr/Documents/Duke/Duke Fall 2021/ECE350/ECE350FinalProject/CPU/BuildingBlocks/sign_extender_17.v:1]
WARNING: [Synth 8-7071] port 'isNotEqual' of module 'my_alu' is unconnected for instance 'pc_adder' [C:/Users/joshr/Documents/Duke/Duke Fall 2021/ECE350/ECE350FinalProject/CPU/Components/Stages/execute.v:153]
WARNING: [Synth 8-7071] port 'isLessThan' of module 'my_alu' is unconnected for instance 'pc_adder' [C:/Users/joshr/Documents/Duke/Duke Fall 2021/ECE350/ECE350FinalProject/CPU/Components/Stages/execute.v:153]
WARNING: [Synth 8-7071] port 'overflow' of module 'my_alu' is unconnected for instance 'pc_adder' [C:/Users/joshr/Documents/Duke/Duke Fall 2021/ECE350/ECE350FinalProject/CPU/Components/Stages/execute.v:153]
WARNING: [Synth 8-7023] instance 'pc_adder' of module 'my_alu' has 8 connections declared, but only 5 given [C:/Users/joshr/Documents/Duke/Duke Fall 2021/ECE350/ECE350FinalProject/CPU/Components/Stages/execute.v:153]
INFO: [Synth 8-6157] synthesizing module 'sign_extender_27' [C:/Users/joshr/Documents/Duke/Duke Fall 2021/ECE350/ECE350FinalProject/CPU/BuildingBlocks/sign_extender_27.v:1]
INFO: [Synth 8-6155] done synthesizing module 'sign_extender_27' (36#1) [C:/Users/joshr/Documents/Duke/Duke Fall 2021/ECE350/ECE350FinalProject/CPU/BuildingBlocks/sign_extender_27.v:1]
INFO: [Synth 8-6157] synthesizing module 'sub' [C:/Users/joshr/Documents/Duke/Duke Fall 2021/ECE350/ECE350FinalProject/CPU/Components/StageComponents/InstructionParsers/OpcodeParsers/sub.v:1]
INFO: [Synth 8-6155] done synthesizing module 'sub' (37#1) [C:/Users/joshr/Documents/Duke/Duke Fall 2021/ECE350/ECE350FinalProject/CPU/Components/StageComponents/InstructionParsers/OpcodeParsers/sub.v:1]
INFO: [Synth 8-6157] synthesizing module 'add' [C:/Users/joshr/Documents/Duke/Duke Fall 2021/ECE350/ECE350FinalProject/CPU/Components/StageComponents/InstructionParsers/OpcodeParsers/add.v:1]
INFO: [Synth 8-6155] done synthesizing module 'add' (38#1) [C:/Users/joshr/Documents/Duke/Duke Fall 2021/ECE350/ECE350FinalProject/CPU/Components/StageComponents/InstructionParsers/OpcodeParsers/add.v:1]
INFO: [Synth 8-6155] done synthesizing module 'execute' (39#1) [C:/Users/joshr/Documents/Duke/Duke Fall 2021/ECE350/ECE350FinalProject/CPU/Components/Stages/execute.v:1]
INFO: [Synth 8-6157] synthesizing module 'multdiv_stage' [C:/Users/joshr/Documents/Duke/Duke Fall 2021/ECE350/ECE350FinalProject/CPU/Components/Stages/multdiv_stage.v:1]
INFO: [Synth 8-6157] synthesizing module 'multdiv' [C:/Users/joshr/Documents/Duke/Duke Fall 2021/ECE350/ECE350FinalProject/CPU/Components/StageComponents/multdiv/multdiv.v:1]
INFO: [Synth 8-6157] synthesizing module 'multiplier' [C:/Users/joshr/Documents/Duke/Duke Fall 2021/ECE350/ECE350FinalProject/CPU/Components/StageComponents/multdiv/multiplier.v:1]
WARNING: [Synth 8-6090] variable 'P' is written by both blocking and non-blocking assignments, entire logic could be removed [C:/Users/joshr/Documents/Duke/Duke Fall 2021/ECE350/ECE350FinalProject/CPU/Components/StageComponents/multdiv/multiplier.v:52]
INFO: [Synth 8-6155] done synthesizing module 'multiplier' (40#1) [C:/Users/joshr/Documents/Duke/Duke Fall 2021/ECE350/ECE350FinalProject/CPU/Components/StageComponents/multdiv/multiplier.v:1]
INFO: [Synth 8-6157] synthesizing module 'divider' [C:/Users/joshr/Documents/Duke/Duke Fall 2021/ECE350/ECE350FinalProject/CPU/Components/StageComponents/multdiv/divider.v:1]
INFO: [Synth 8-6155] done synthesizing module 'divider' (41#1) [C:/Users/joshr/Documents/Duke/Duke Fall 2021/ECE350/ECE350FinalProject/CPU/Components/StageComponents/multdiv/divider.v:1]
INFO: [Synth 8-6155] done synthesizing module 'multdiv' (42#1) [C:/Users/joshr/Documents/Duke/Duke Fall 2021/ECE350/ECE350FinalProject/CPU/Components/StageComponents/multdiv/multdiv.v:1]
INFO: [Synth 8-6155] done synthesizing module 'multdiv_stage' (43#1) [C:/Users/joshr/Documents/Duke/Duke Fall 2021/ECE350/ECE350FinalProject/CPU/Components/Stages/multdiv_stage.v:1]
INFO: [Synth 8-6157] synthesizing module 'memory' [C:/Users/joshr/Documents/Duke/Duke Fall 2021/ECE350/ECE350FinalProject/CPU/Components/Stages/memory.v:1]
WARNING: [Synth 8-308] ignoring empty port [C:/Users/joshr/Documents/Duke/Duke Fall 2021/ECE350/ECE350FinalProject/CPU/Components/Stages/memory.v:23]
INFO: [Synth 8-6155] done synthesizing module 'memory' (44#1) [C:/Users/joshr/Documents/Duke/Duke Fall 2021/ECE350/ECE350FinalProject/CPU/Components/Stages/memory.v:1]
WARNING: [Synth 8-7023] instance 'memory_stage' of module 'memory' has 17 connections declared, but only 16 given [C:/Users/joshr/Documents/Duke/Duke Fall 2021/ECE350/ECE350FinalProject/CPU/Components/processor.v:166]
INFO: [Synth 8-6157] synthesizing module 'writeback' [C:/Users/joshr/Documents/Duke/Duke Fall 2021/ECE350/ECE350FinalProject/CPU/Components/Stages/writeback.v:1]
INFO: [Synth 8-6155] done synthesizing module 'writeback' (45#1) [C:/Users/joshr/Documents/Duke/Duke Fall 2021/ECE350/ECE350FinalProject/CPU/Components/Stages/writeback.v:1]
INFO: [Synth 8-6155] done synthesizing module 'processor' (46#1) [C:/Users/joshr/Documents/Duke/Duke Fall 2021/ECE350/ECE350FinalProject/CPU/Components/processor.v:20]
INFO: [Synth 8-6157] synthesizing module 'ROM' [C:/Users/joshr/Documents/Duke/Duke Fall 2021/ECE350/ECE350FinalProject/CPU/Components/StageComponents/Memory/ROM.v:3]
	Parameter DATA_WIDTH bound to: 32 - type: integer 
	Parameter ADDRESS_WIDTH bound to: 12 - type: integer 
	Parameter DEPTH bound to: 4096 - type: integer 
	Parameter MEMFILE bound to: 208'b0010111000101110001011110010111000101110001011110010111000101110001011110100000101110011011100110110010101101101011000100110110001111001001011110110011101100001011011010110010100101110011011010110010101101101 
INFO: [Synth 8-3876] $readmem data file '../../../Assembly/game.mem' is read successfully [C:/Users/joshr/Documents/Duke/Duke Fall 2021/ECE350/ECE350FinalProject/CPU/Components/StageComponents/Memory/ROM.v:12]
INFO: [Synth 8-6155] done synthesizing module 'ROM' (47#1) [C:/Users/joshr/Documents/Duke/Duke Fall 2021/ECE350/ECE350FinalProject/CPU/Components/StageComponents/Memory/ROM.v:3]
INFO: [Synth 8-6157] synthesizing module 'my_regfile' [C:/Users/joshr/Documents/Duke/Duke Fall 2021/ECE350/ECE350FinalProject/CPU/Components/StageComponents/reg_file/my_regfile.v:1]
INFO: [Synth 8-6157] synthesizing module 'decoder32' [C:/Users/joshr/Documents/Duke/Duke Fall 2021/ECE350/ECE350FinalProject/CPU/BuildingBlocks/decoder_32.v:1]
INFO: [Synth 8-6155] done synthesizing module 'decoder32' (48#1) [C:/Users/joshr/Documents/Duke/Duke Fall 2021/ECE350/ECE350FinalProject/CPU/BuildingBlocks/decoder_32.v:1]
INFO: [Synth 8-6157] synthesizing module 'tri_state_mux' [C:/Users/joshr/Documents/Duke/Duke Fall 2021/ECE350/ECE350FinalProject/CPU/Components/StageComponents/reg_file/tri_state_mux.v:1]
INFO: [Synth 8-6157] synthesizing module 'my_tri' [C:/Users/joshr/Documents/Duke/Duke Fall 2021/ECE350/ECE350FinalProject/CPU/Components/StageComponents/reg_file/tri.v:1]
INFO: [Synth 8-6155] done synthesizing module 'my_tri' (49#1) [C:/Users/joshr/Documents/Duke/Duke Fall 2021/ECE350/ECE350FinalProject/CPU/Components/StageComponents/reg_file/tri.v:1]
INFO: [Synth 8-6155] done synthesizing module 'tri_state_mux' (50#1) [C:/Users/joshr/Documents/Duke/Duke Fall 2021/ECE350/ECE350FinalProject/CPU/Components/StageComponents/reg_file/tri_state_mux.v:1]
INFO: [Synth 8-6155] done synthesizing module 'my_regfile' (51#1) [C:/Users/joshr/Documents/Duke/Duke Fall 2021/ECE350/ECE350FinalProject/CPU/Components/StageComponents/reg_file/my_regfile.v:1]
WARNING: [Synth 8-7071] port 'reg_out0' of module 'my_regfile' is unconnected for instance 'RegisterFile' [C:/Users/joshr/Documents/Duke/Duke Fall 2021/ECE350/ECE350FinalProject/CPU/CPU.v:96]
WARNING: [Synth 8-7071] port 'reg_out14' of module 'my_regfile' is unconnected for instance 'RegisterFile' [C:/Users/joshr/Documents/Duke/Duke Fall 2021/ECE350/ECE350FinalProject/CPU/CPU.v:96]
WARNING: [Synth 8-7071] port 'reg_out15' of module 'my_regfile' is unconnected for instance 'RegisterFile' [C:/Users/joshr/Documents/Duke/Duke Fall 2021/ECE350/ECE350FinalProject/CPU/CPU.v:96]
WARNING: [Synth 8-7071] port 'reg_out16' of module 'my_regfile' is unconnected for instance 'RegisterFile' [C:/Users/joshr/Documents/Duke/Duke Fall 2021/ECE350/ECE350FinalProject/CPU/CPU.v:96]
WARNING: [Synth 8-7071] port 'reg_out17' of module 'my_regfile' is unconnected for instance 'RegisterFile' [C:/Users/joshr/Documents/Duke/Duke Fall 2021/ECE350/ECE350FinalProject/CPU/CPU.v:96]
WARNING: [Synth 8-7071] port 'reg_out18' of module 'my_regfile' is unconnected for instance 'RegisterFile' [C:/Users/joshr/Documents/Duke/Duke Fall 2021/ECE350/ECE350FinalProject/CPU/CPU.v:96]
WARNING: [Synth 8-7071] port 'reg_out19' of module 'my_regfile' is unconnected for instance 'RegisterFile' [C:/Users/joshr/Documents/Duke/Duke Fall 2021/ECE350/ECE350FinalProject/CPU/CPU.v:96]
WARNING: [Synth 8-7071] port 'reg_out20' of module 'my_regfile' is unconnected for instance 'RegisterFile' [C:/Users/joshr/Documents/Duke/Duke Fall 2021/ECE350/ECE350FinalProject/CPU/CPU.v:96]
WARNING: [Synth 8-7071] port 'reg_out21' of module 'my_regfile' is unconnected for instance 'RegisterFile' [C:/Users/joshr/Documents/Duke/Duke Fall 2021/ECE350/ECE350FinalProject/CPU/CPU.v:96]
WARNING: [Synth 8-7071] port 'reg_out22' of module 'my_regfile' is unconnected for instance 'RegisterFile' [C:/Users/joshr/Documents/Duke/Duke Fall 2021/ECE350/ECE350FinalProject/CPU/CPU.v:96]
WARNING: [Synth 8-7071] port 'reg_out23' of module 'my_regfile' is unconnected for instance 'RegisterFile' [C:/Users/joshr/Documents/Duke/Duke Fall 2021/ECE350/ECE350FinalProject/CPU/CPU.v:96]
WARNING: [Synth 8-7071] port 'reg_out24' of module 'my_regfile' is unconnected for instance 'RegisterFile' [C:/Users/joshr/Documents/Duke/Duke Fall 2021/ECE350/ECE350FinalProject/CPU/CPU.v:96]
WARNING: [Synth 8-7071] port 'reg_out25' of module 'my_regfile' is unconnected for instance 'RegisterFile' [C:/Users/joshr/Documents/Duke/Duke Fall 2021/ECE350/ECE350FinalProject/CPU/CPU.v:96]
WARNING: [Synth 8-7071] port 'reg_out28' of module 'my_regfile' is unconnected for instance 'RegisterFile' [C:/Users/joshr/Documents/Duke/Duke Fall 2021/ECE350/ECE350FinalProject/CPU/CPU.v:96]
WARNING: [Synth 8-7071] port 'reg_out29' of module 'my_regfile' is unconnected for instance 'RegisterFile' [C:/Users/joshr/Documents/Duke/Duke Fall 2021/ECE350/ECE350FinalProject/CPU/CPU.v:96]
WARNING: [Synth 8-7071] port 'reg_out30' of module 'my_regfile' is unconnected for instance 'RegisterFile' [C:/Users/joshr/Documents/Duke/Duke Fall 2021/ECE350/ECE350FinalProject/CPU/CPU.v:96]
WARNING: [Synth 8-7071] port 'reg_out31' of module 'my_regfile' is unconnected for instance 'RegisterFile' [C:/Users/joshr/Documents/Duke/Duke Fall 2021/ECE350/ECE350FinalProject/CPU/CPU.v:96]
WARNING: [Synth 8-7023] instance 'RegisterFile' of module 'my_regfile' has 41 connections declared, but only 24 given [C:/Users/joshr/Documents/Duke/Duke Fall 2021/ECE350/ECE350FinalProject/CPU/CPU.v:96]
INFO: [Synth 8-6157] synthesizing module 'RAM' [C:/Users/joshr/Documents/Duke/Duke Fall 2021/ECE350/ECE350FinalProject/CPU/Components/StageComponents/Memory/RAM.v:2]
	Parameter DATA_WIDTH bound to: 32 - type: integer 
	Parameter ADDRESS_WIDTH bound to: 12 - type: integer 
	Parameter DEPTH bound to: 100 - type: integer 
INFO: [Synth 8-6155] done synthesizing module 'RAM' (52#1) [C:/Users/joshr/Documents/Duke/Duke Fall 2021/ECE350/ECE350FinalProject/CPU/Components/StageComponents/Memory/RAM.v:2]
INFO: [Synth 8-6155] done synthesizing module 'CPU' (53#1) [C:/Users/joshr/Documents/Duke/Duke Fall 2021/ECE350/ECE350FinalProject/CPU/CPU.v:27]
INFO: [Synth 8-6157] synthesizing module 'InputController' [C:/Users/joshr/Documents/Duke/Duke Fall 2021/ECE350/ECE350FinalProject/Controller/IOController/InputController.v:1]
	Parameter MHz bound to: 1000000 - type: integer 
	Parameter PROC_FREQ bound to: 50000000 - type: integer 
	Parameter GAME_FRAME_RT bound to: 60 - type: integer 
INFO: [Synth 8-6157] synthesizing module 'jump_key_input_instructionbuilder' [C:/Users/joshr/Documents/Duke/Duke Fall 2021/ECE350/ECE350FinalProject/CPU/InstructionBuilder/jump_key_input_instructionbuilder.v:3]
INFO: [Synth 8-6155] done synthesizing module 'jump_key_input_instructionbuilder' (54#1) [C:/Users/joshr/Documents/Duke/Duke Fall 2021/ECE350/ECE350FinalProject/CPU/InstructionBuilder/jump_key_input_instructionbuilder.v:3]
INFO: [Synth 8-6157] synthesizing module 'frame_rdy_instructionbuilder' [C:/Users/joshr/Documents/Duke/Duke Fall 2021/ECE350/ECE350FinalProject/CPU/InstructionBuilder/frame_rdy_instructionbuilder.v:3]
INFO: [Synth 8-6155] done synthesizing module 'frame_rdy_instructionbuilder' (55#1) [C:/Users/joshr/Documents/Duke/Duke Fall 2021/ECE350/ECE350FinalProject/CPU/InstructionBuilder/frame_rdy_instructionbuilder.v:3]
INFO: [Synth 8-6155] done synthesizing module 'InputController' (56#1) [C:/Users/joshr/Documents/Duke/Duke Fall 2021/ECE350/ECE350FinalProject/Controller/IOController/InputController.v:1]
INFO: [Synth 8-6157] synthesizing module 'VGAController' [C:/Users/joshr/Documents/Duke/Duke Fall 2021/ECE350/ECE350FinalProject/Controller/IOController/OutputControllers/VGAController/VGAController.v:2]
	Parameter MHz bound to: 1000000 - type: integer 
	Parameter SYSTEM_FREQ bound to: 100000000 - type: integer 
	Parameter SCREEN_WIDTH bound to: 640 - type: integer 
	Parameter SCREEN_HEIGHT bound to: 480 - type: integer 
	Parameter BITS_PER_COLOR bound to: 12 - type: integer 
	Parameter PIPE_WIDTH bound to: 57 - type: integer 
	Parameter PIPE_CAP_HEIGHT bound to: 0 - type: integer 
	Parameter BIRD_WIDTH bound to: 47 - type: integer 
	Parameter BIRD_HEIGHT bound to: 33 - type: integer 
	Parameter BIRD_LEFT_EDGE bound to: 60 - type: integer 
INFO: [Synth 8-6157] synthesizing module 'VGATimingGenerator' [C:/Users/joshr/Documents/Duke/Duke Fall 2021/ECE350/ECE350FinalProject/Controller/IOController/OutputControllers/VGAController/VGATimingGenerator.v:2]
	Parameter HEIGHT bound to: 480 - type: integer 
	Parameter WIDTH bound to: 640 - type: integer 
	Parameter H_FRONT_PORCH bound to: 16 - type: integer 
	Parameter H_SYNC_WIDTH bound to: 96 - type: integer 
	Parameter H_BACK_PORCH bound to: 48 - type: integer 
	Parameter H_SYNC_START bound to: 656 - type: integer 
	Parameter H_SYNC_END bound to: 752 - type: integer 
	Parameter H_LINE bound to: 800 - type: integer 
	Parameter V_FRONT_PORCH bound to: 11 - type: integer 
	Parameter V_SYNC_WIDTH bound to: 2 - type: integer 
	Parameter V_BACK_PORCH bound to: 31 - type: integer 
	Parameter V_SYNC_START bound to: 491 - type: integer 
	Parameter V_SYNC_END bound to: 493 - type: integer 
	Parameter V_LINE bound to: 524 - type: integer 
INFO: [Synth 8-6155] done synthesizing module 'VGATimingGenerator' (57#1) [C:/Users/joshr/Documents/Duke/Duke Fall 2021/ECE350/ECE350FinalProject/Controller/IOController/OutputControllers/VGAController/VGATimingGenerator.v:2]
INFO: [Synth 8-6157] synthesizing module 'image' [C:/Users/joshr/Documents/Duke/Duke Fall 2021/ECE350/ECE350FinalProject/Controller/IOController/OutputControllers/VGAController/Images/Image.v:1]
	Parameter WIDTH bound to: 640 - type: integer 
	Parameter HEIGHT bound to: 480 - type: integer 
	Parameter IMG_FILE bound to: background_image.mem - type: string 
	Parameter CLR_FILE bound to: background_colors.mem - type: string 
	Parameter FILES_PATH bound to: (null) - type: string 
	Parameter PIXEL_COUNT bound to: 307200 - type: integer 
	Parameter PIXEL_ADDRESS_WIDTH bound to: 20 - type: integer 
	Parameter BITS_PER_COLOR bound to: 12 - type: integer 
	Parameter PALETTE_COLOR_COUNT bound to: 256 - type: integer 
	Parameter PALETTE_ADDRESS_WIDTH bound to: 9 - type: integer 
INFO: [Synth 8-6157] synthesizing module 'IMG_RAM' [C:/Users/joshr/Documents/Duke/Duke Fall 2021/ECE350/ECE350FinalProject/Controller/IOController/OutputControllers/VGAController/Images/MemoryFiles/IMG_RAM.v:2]
	Parameter DATA_WIDTH bound to: 9 - type: integer 
	Parameter ADDRESS_WIDTH bound to: 20 - type: integer 
	Parameter DEPTH bound to: 307200 - type: integer 
	Parameter MEMFILE bound to: 168'b000000000110001001100001011000110110101101100111011100100110111101110101011011100110010001011111011010010110110101100001011001110110010100101110011011010110010101101101 
INFO: [Synth 8-3876] $readmem data file 'background_image.mem' is read successfully [C:/Users/joshr/Documents/Duke/Duke Fall 2021/ECE350/ECE350FinalProject/Controller/IOController/OutputControllers/VGAController/Images/MemoryFiles/IMG_RAM.v:13]
INFO: [Synth 8-6155] done synthesizing module 'IMG_RAM' (58#1) [C:/Users/joshr/Documents/Duke/Duke Fall 2021/ECE350/ECE350FinalProject/Controller/IOController/OutputControllers/VGAController/Images/MemoryFiles/IMG_RAM.v:2]
WARNING: [Synth 8-7071] port 'dataIn' of module 'IMG_RAM' is unconnected for instance 'ImageData' [C:/Users/joshr/Documents/Duke/Duke Fall 2021/ECE350/ECE350FinalProject/Controller/IOController/OutputControllers/VGAController/Images/Image.v:26]
WARNING: [Synth 8-7023] instance 'ImageData' of module 'IMG_RAM' has 5 connections declared, but only 4 given [C:/Users/joshr/Documents/Duke/Duke Fall 2021/ECE350/ECE350FinalProject/Controller/IOController/OutputControllers/VGAController/Images/Image.v:26]
INFO: [Synth 8-6157] synthesizing module 'IMG_RAM__parameterized0' [C:/Users/joshr/Documents/Duke/Duke Fall 2021/ECE350/ECE350FinalProject/Controller/IOController/OutputControllers/VGAController/Images/MemoryFiles/IMG_RAM.v:2]
	Parameter DATA_WIDTH bound to: 12 - type: integer 
	Parameter ADDRESS_WIDTH bound to: 9 - type: integer 
	Parameter DEPTH bound to: 256 - type: integer 
	Parameter MEMFILE bound to: 176'b00000000011000100110000101100011011010110110011101110010011011110111010101101110011001000101111101100011011011110110110001101111011100100111001100101110011011010110010101101101 
INFO: [Synth 8-3876] $readmem data file 'background_colors.mem' is read successfully [C:/Users/joshr/Documents/Duke/Duke Fall 2021/ECE350/ECE350FinalProject/Controller/IOController/OutputControllers/VGAController/Images/MemoryFiles/IMG_RAM.v:13]
INFO: [Synth 8-6155] done synthesizing module 'IMG_RAM__parameterized0' (58#1) [C:/Users/joshr/Documents/Duke/Duke Fall 2021/ECE350/ECE350FinalProject/Controller/IOController/OutputControllers/VGAController/Images/MemoryFiles/IMG_RAM.v:2]
WARNING: [Synth 8-7071] port 'dataIn' of module 'IMG_RAM' is unconnected for instance 'ColorPalette' [C:/Users/joshr/Documents/Duke/Duke Fall 2021/ECE350/ECE350FinalProject/Controller/IOController/OutputControllers/VGAController/Images/Image.v:38]
WARNING: [Synth 8-7023] instance 'ColorPalette' of module 'IMG_RAM' has 5 connections declared, but only 4 given [C:/Users/joshr/Documents/Duke/Duke Fall 2021/ECE350/ECE350FinalProject/Controller/IOController/OutputControllers/VGAController/Images/Image.v:38]
INFO: [Synth 8-6155] done synthesizing module 'image' (59#1) [C:/Users/joshr/Documents/Duke/Duke Fall 2021/ECE350/ECE350FinalProject/Controller/IOController/OutputControllers/VGAController/Images/Image.v:1]
INFO: [Synth 8-6157] synthesizing module 'BirdDisplay' [C:/Users/joshr/Documents/Duke/Duke Fall 2021/ECE350/ECE350FinalProject/Controller/IOController/OutputControllers/VGAController/Images/BirdDisplay.v:1]
	Parameter BIRD_LEFT_EDGE bound to: 60 - type: integer 
	Parameter BIRD_WIDTH bound to: 47 - type: integer 
	Parameter BIRD_HEIGHT bound to: 33 - type: integer 
	Parameter BITS_PER_COLOR bound to: 12 - type: integer 
INFO: [Synth 8-6157] synthesizing module 'image__parameterized0' [C:/Users/joshr/Documents/Duke/Duke Fall 2021/ECE350/ECE350FinalProject/Controller/IOController/OutputControllers/VGAController/Images/Image.v:1]
	Parameter WIDTH bound to: 47 - type: integer 
	Parameter HEIGHT bound to: 33 - type: integer 
	Parameter IMG_FILE bound to: bird_image.mem - type: string 
	Parameter CLR_FILE bound to: bird_colors.mem - type: string 
	Parameter FILES_PATH bound to: (null) - type: string 
	Parameter PIXEL_COUNT bound to: 1551 - type: integer 
	Parameter PIXEL_ADDRESS_WIDTH bound to: 12 - type: integer 
	Parameter BITS_PER_COLOR bound to: 12 - type: integer 
	Parameter PALETTE_COLOR_COUNT bound to: 256 - type: integer 
	Parameter PALETTE_ADDRESS_WIDTH bound to: 9 - type: integer 
INFO: [Synth 8-6157] synthesizing module 'IMG_RAM__parameterized1' [C:/Users/joshr/Documents/Duke/Duke Fall 2021/ECE350/ECE350FinalProject/Controller/IOController/OutputControllers/VGAController/Images/MemoryFiles/IMG_RAM.v:2]
	Parameter DATA_WIDTH bound to: 9 - type: integer 
	Parameter ADDRESS_WIDTH bound to: 12 - type: integer 
	Parameter DEPTH bound to: 1551 - type: integer 
	Parameter MEMFILE bound to: 120'b000000000110001001101001011100100110010001011111011010010110110101100001011001110110010100101110011011010110010101101101 
INFO: [Synth 8-3876] $readmem data file 'bird_image.mem' is read successfully [C:/Users/joshr/Documents/Duke/Duke Fall 2021/ECE350/ECE350FinalProject/Controller/IOController/OutputControllers/VGAController/Images/MemoryFiles/IMG_RAM.v:13]
INFO: [Synth 8-6155] done synthesizing module 'IMG_RAM__parameterized1' (59#1) [C:/Users/joshr/Documents/Duke/Duke Fall 2021/ECE350/ECE350FinalProject/Controller/IOController/OutputControllers/VGAController/Images/MemoryFiles/IMG_RAM.v:2]
WARNING: [Synth 8-7071] port 'dataIn' of module 'IMG_RAM' is unconnected for instance 'ImageData' [C:/Users/joshr/Documents/Duke/Duke Fall 2021/ECE350/ECE350FinalProject/Controller/IOController/OutputControllers/VGAController/Images/Image.v:26]
WARNING: [Synth 8-7023] instance 'ImageData' of module 'IMG_RAM' has 5 connections declared, but only 4 given [C:/Users/joshr/Documents/Duke/Duke Fall 2021/ECE350/ECE350FinalProject/Controller/IOController/OutputControllers/VGAController/Images/Image.v:26]
INFO: [Synth 8-6157] synthesizing module 'IMG_RAM__parameterized2' [C:/Users/joshr/Documents/Duke/Duke Fall 2021/ECE350/ECE350FinalProject/Controller/IOController/OutputControllers/VGAController/Images/MemoryFiles/IMG_RAM.v:2]
	Parameter DATA_WIDTH bound to: 12 - type: integer 
	Parameter ADDRESS_WIDTH bound to: 9 - type: integer 
	Parameter DEPTH bound to: 256 - type: integer 
	Parameter MEMFILE bound to: 128'b00000000011000100110100101110010011001000101111101100011011011110110110001101111011100100111001100101110011011010110010101101101 
INFO: [Synth 8-3876] $readmem data file 'bird_colors.mem' is read successfully [C:/Users/joshr/Documents/Duke/Duke Fall 2021/ECE350/ECE350FinalProject/Controller/IOController/OutputControllers/VGAController/Images/MemoryFiles/IMG_RAM.v:13]
INFO: [Synth 8-6155] done synthesizing module 'IMG_RAM__parameterized2' (59#1) [C:/Users/joshr/Documents/Duke/Duke Fall 2021/ECE350/ECE350FinalProject/Controller/IOController/OutputControllers/VGAController/Images/MemoryFiles/IMG_RAM.v:2]
WARNING: [Synth 8-7071] port 'dataIn' of module 'IMG_RAM' is unconnected for instance 'ColorPalette' [C:/Users/joshr/Documents/Duke/Duke Fall 2021/ECE350/ECE350FinalProject/Controller/IOController/OutputControllers/VGAController/Images/Image.v:38]
WARNING: [Synth 8-7023] instance 'ColorPalette' of module 'IMG_RAM' has 5 connections declared, but only 4 given [C:/Users/joshr/Documents/Duke/Duke Fall 2021/ECE350/ECE350FinalProject/Controller/IOController/OutputControllers/VGAController/Images/Image.v:38]
INFO: [Synth 8-6155] done synthesizing module 'image__parameterized0' (59#1) [C:/Users/joshr/Documents/Duke/Duke Fall 2021/ECE350/ECE350FinalProject/Controller/IOController/OutputControllers/VGAController/Images/Image.v:1]
INFO: [Synth 8-6155] done synthesizing module 'BirdDisplay' (60#1) [C:/Users/joshr/Documents/Duke/Duke Fall 2021/ECE350/ECE350FinalProject/Controller/IOController/OutputControllers/VGAController/Images/BirdDisplay.v:1]
INFO: [Synth 8-6157] synthesizing module 'PipeDisplay' [C:/Users/joshr/Documents/Duke/Duke Fall 2021/ECE350/ECE350FinalProject/Controller/IOController/OutputControllers/VGAController/Images/PipeDisplay.v:1]
	Parameter SCREEN_HEIGHT bound to: 480 - type: integer 
	Parameter PIPE_WIDTH bound to: 57 - type: integer 
	Parameter PIPE_CAP_HEIGHT bound to: 0 - type: integer 
	Parameter BITS_PER_COLOR bound to: 12 - type: integer 
INFO: [Synth 8-6157] synthesizing module 'image__parameterized1' [C:/Users/joshr/Documents/Duke/Duke Fall 2021/ECE350/ECE350FinalProject/Controller/IOController/OutputControllers/VGAController/Images/Image.v:1]
	Parameter WIDTH bound to: 57 - type: integer 
	Parameter HEIGHT bound to: 480 - type: integer 
	Parameter IMG_FILE bound to: pipe_shaft_image.mem - type: string 
	Parameter CLR_FILE bound to: pipe_shaft_colors.mem - type: string 
	Parameter FILES_PATH bound to: (null) - type: string 
	Parameter PIXEL_COUNT bound to: 27360 - type: integer 
	Parameter PIXEL_ADDRESS_WIDTH bound to: 16 - type: integer 
	Parameter BITS_PER_COLOR bound to: 12 - type: integer 
	Parameter PALETTE_COLOR_COUNT bound to: 256 - type: integer 
	Parameter PALETTE_ADDRESS_WIDTH bound to: 9 - type: integer 
INFO: [Synth 8-6157] synthesizing module 'IMG_RAM__parameterized3' [C:/Users/joshr/Documents/Duke/Duke Fall 2021/ECE350/ECE350FinalProject/Controller/IOController/OutputControllers/VGAController/Images/MemoryFiles/IMG_RAM.v:2]
	Parameter DATA_WIDTH bound to: 9 - type: integer 
	Parameter ADDRESS_WIDTH bound to: 16 - type: integer 
	Parameter DEPTH bound to: 27360 - type: integer 
	Parameter MEMFILE bound to: 168'b000000000111000001101001011100000110010101011111011100110110100001100001011001100111010001011111011010010110110101100001011001110110010100101110011011010110010101101101 
INFO: [Synth 8-3876] $readmem data file 'pipe_shaft_image.mem' is read successfully [C:/Users/joshr/Documents/Duke/Duke Fall 2021/ECE350/ECE350FinalProject/Controller/IOController/OutputControllers/VGAController/Images/MemoryFiles/IMG_RAM.v:13]
INFO: [Synth 8-6155] done synthesizing module 'IMG_RAM__parameterized3' (60#1) [C:/Users/joshr/Documents/Duke/Duke Fall 2021/ECE350/ECE350FinalProject/Controller/IOController/OutputControllers/VGAController/Images/MemoryFiles/IMG_RAM.v:2]
WARNING: [Synth 8-7071] port 'dataIn' of module 'IMG_RAM' is unconnected for instance 'ImageData' [C:/Users/joshr/Documents/Duke/Duke Fall 2021/ECE350/ECE350FinalProject/Controller/IOController/OutputControllers/VGAController/Images/Image.v:26]
WARNING: [Synth 8-7023] instance 'ImageData' of module 'IMG_RAM' has 5 connections declared, but only 4 given [C:/Users/joshr/Documents/Duke/Duke Fall 2021/ECE350/ECE350FinalProject/Controller/IOController/OutputControllers/VGAController/Images/Image.v:26]
INFO: [Synth 8-6157] synthesizing module 'IMG_RAM__parameterized4' [C:/Users/joshr/Documents/Duke/Duke Fall 2021/ECE350/ECE350FinalProject/Controller/IOController/OutputControllers/VGAController/Images/MemoryFiles/IMG_RAM.v:2]
	Parameter DATA_WIDTH bound to: 12 - type: integer 
	Parameter ADDRESS_WIDTH bound to: 9 - type: integer 
	Parameter DEPTH bound to: 256 - type: integer 
	Parameter MEMFILE bound to: 176'b00000000011100000110100101110000011001010101111101110011011010000110000101100110011101000101111101100011011011110110110001101111011100100111001100101110011011010110010101101101 
INFO: [Synth 8-3876] $readmem data file 'pipe_shaft_colors.mem' is read successfully [C:/Users/joshr/Documents/Duke/Duke Fall 2021/ECE350/ECE350FinalProject/Controller/IOController/OutputControllers/VGAController/Images/MemoryFiles/IMG_RAM.v:13]
INFO: [Synth 8-6155] done synthesizing module 'IMG_RAM__parameterized4' (60#1) [C:/Users/joshr/Documents/Duke/Duke Fall 2021/ECE350/ECE350FinalProject/Controller/IOController/OutputControllers/VGAController/Images/MemoryFiles/IMG_RAM.v:2]
WARNING: [Synth 8-7071] port 'dataIn' of module 'IMG_RAM' is unconnected for instance 'ColorPalette' [C:/Users/joshr/Documents/Duke/Duke Fall 2021/ECE350/ECE350FinalProject/Controller/IOController/OutputControllers/VGAController/Images/Image.v:38]
WARNING: [Synth 8-7023] instance 'ColorPalette' of module 'IMG_RAM' has 5 connections declared, but only 4 given [C:/Users/joshr/Documents/Duke/Duke Fall 2021/ECE350/ECE350FinalProject/Controller/IOController/OutputControllers/VGAController/Images/Image.v:38]
INFO: [Synth 8-6155] done synthesizing module 'image__parameterized1' (60#1) [C:/Users/joshr/Documents/Duke/Duke Fall 2021/ECE350/ECE350FinalProject/Controller/IOController/OutputControllers/VGAController/Images/Image.v:1]
INFO: [Synth 8-6155] done synthesizing module 'PipeDisplay' (61#1) [C:/Users/joshr/Documents/Duke/Duke Fall 2021/ECE350/ECE350FinalProject/Controller/IOController/OutputControllers/VGAController/Images/PipeDisplay.v:1]
INFO: [Synth 8-6155] done synthesizing module 'VGAController' (62#1) [C:/Users/joshr/Documents/Duke/Duke Fall 2021/ECE350/ECE350FinalProject/Controller/IOController/OutputControllers/VGAController/VGAController.v:2]
INFO: [Synth 8-6155] done synthesizing module 'Main' (63#1) [C:/Users/joshr/Documents/Duke/Duke Fall 2021/ECE350/ECE350FinalProject/Main.v:1]
---------------------------------------------------------------------------------
Finished RTL Elaboration : Time (s): cpu = 00:00:12 ; elapsed = 00:00:12 . Memory (MB): peak = 1036.465 ; gain = 23.109
---------------------------------------------------------------------------------
---------------------------------------------------------------------------------
Start Handling Custom Attributes
---------------------------------------------------------------------------------
---------------------------------------------------------------------------------
Finished Handling Custom Attributes : Time (s): cpu = 00:00:13 ; elapsed = 00:00:14 . Memory (MB): peak = 1036.465 ; gain = 23.109
---------------------------------------------------------------------------------
---------------------------------------------------------------------------------
Finished RTL Optimization Phase 1 : Time (s): cpu = 00:00:13 ; elapsed = 00:00:14 . Memory (MB): peak = 1036.465 ; gain = 23.109
---------------------------------------------------------------------------------
Netlist sorting complete. Time (s): cpu = 00:00:01 ; elapsed = 00:00:00.296 . Memory (MB): peak = 1036.465 ; gain = 0.000
INFO: [Project 1-570] Preparing netlist for logic optimization

Processing XDC Constraints
Initializing timing engine
Parsing XDC File [C:/Users/joshr/Documents/Duke/Duke Fall 2021/ECE350/ECE350FinalProject/flappyconstraints.xdc]
Finished Parsing XDC File [C:/Users/joshr/Documents/Duke/Duke Fall 2021/ECE350/ECE350FinalProject/flappyconstraints.xdc]
INFO: [Project 1-236] Implementation specific constraints were found while reading constraint file [C:/Users/joshr/Documents/Duke/Duke Fall 2021/ECE350/ECE350FinalProject/flappyconstraints.xdc]. These constraints will be ignored for synthesis but will be used in implementation. Impacted constraints are listed in the file [.Xil/Main_propImpl.xdc].
Resolution: To avoid this warning, move constraints listed in [.Xil/Main_propImpl.xdc] to another XDC file and exclude this new file from synthesis with the used_in_synthesis property (File Properties dialog in GUI) and re-run elaboration/synthesis.
Completed Processing XDC Constraints

Netlist sorting complete. Time (s): cpu = 00:00:00 ; elapsed = 00:00:00.017 . Memory (MB): peak = 1106.238 ; gain = 0.000
INFO: [Project 1-111] Unisim Transformation Summary:
No Unisim elements were transformed.

Constraint Validation Runtime : Time (s): cpu = 00:00:00 ; elapsed = 00:00:00.050 . Memory (MB): peak = 1106.238 ; gain = 0.000
---------------------------------------------------------------------------------
Finished Constraint Validation : Time (s): cpu = 00:00:25 ; elapsed = 00:00:26 . Memory (MB): peak = 1106.238 ; gain = 92.883
---------------------------------------------------------------------------------
---------------------------------------------------------------------------------
Start Loading Part and Timing Information
---------------------------------------------------------------------------------
Loading part: xc7a100tcsg324-1
---------------------------------------------------------------------------------
Finished Loading Part and Timing Information : Time (s): cpu = 00:00:25 ; elapsed = 00:00:26 . Memory (MB): peak = 1106.238 ; gain = 92.883
---------------------------------------------------------------------------------
---------------------------------------------------------------------------------
Start Applying 'set_property' XDC Constraints
---------------------------------------------------------------------------------
---------------------------------------------------------------------------------
Finished applying 'set_property' XDC Constraints : Time (s): cpu = 00:00:25 ; elapsed = 00:00:26 . Memory (MB): peak = 1106.238 ; gain = 92.883
---------------------------------------------------------------------------------
---------------------------------------------------------------------------------
Finished RTL Optimization Phase 2 : Time (s): cpu = 00:00:29 ; elapsed = 00:00:30 . Memory (MB): peak = 1106.238 ; gain = 92.883
---------------------------------------------------------------------------------
INFO: [Synth 8-223] decloning instance 'vga_controller/background' (image) to 'vga_controller/splash'
---------------------------------------------------------------------------------
Start RTL Component Statistics 
---------------------------------------------------------------------------------
Detailed RTL Component Info : 
+---Adders : 
	   2 Input   65 Bit       Adders := 5     
	   3 Input   64 Bit       Adders := 1     
	   2 Input   32 Bit       Adders := 2     
	   3 Input   32 Bit       Adders := 3     
	   4 Input   32 Bit       Adders := 1     
	   2 Input   20 Bit       Adders := 1     
	   2 Input   10 Bit       Adders := 3     
	   3 Input    9 Bit       Adders := 1     
	   2 Input    6 Bit       Adders := 2     
+---XORs : 
	   2 Input      5 Bit         XORs := 7     
	   3 Input      1 Bit         XORs := 192   
	   2 Input      1 Bit         XORs := 7     
+---Registers : 
	               65 Bit    Registers := 3     
	               64 Bit    Registers := 3     
	               32 Bit    Registers := 4     
	               26 Bit    Registers := 1     
	               12 Bit    Registers := 3     
	               10 Bit    Registers := 2     
	                9 Bit    Registers := 3     
	                6 Bit    Registers := 2     
	                1 Bit    Registers := 1516  
+---Multipliers : 
	              32x32  Multipliers := 1     
	               6x32  Multipliers := 2     
+---RAMs : 
	            2700K Bit	(307200 X 9 bit)          RAMs := 1     
	             240K Bit	(27360 X 9 bit)          RAMs := 1     
	              13K Bit	(1551 X 9 bit)          RAMs := 1     
	               3K Bit	(256 X 12 bit)          RAMs := 3     
	               3K Bit	(100 X 32 bit)          RAMs := 1     
+---ROMs : 
	                    ROMs := 1     
+---Muxes : 
	   2 Input   65 Bit        Muxes := 4     
	   3 Input   65 Bit        Muxes := 1     
	   2 Input   64 Bit        Muxes := 2     
	   2 Input   32 Bit        Muxes := 52    
	   2 Input   31 Bit        Muxes := 9     
	   2 Input   30 Bit        Muxes := 9     
	   2 Input   28 Bit        Muxes := 9     
	   2 Input   24 Bit        Muxes := 9     
	   2 Input   20 Bit        Muxes := 1     
	   2 Input   16 Bit        Muxes := 21    
	   2 Input   12 Bit        Muxes := 2     
	   4 Input   12 Bit        Muxes := 1     
	   2 Input   10 Bit        Muxes := 1     
	   2 Input    9 Bit        Muxes := 1     
	   2 Input    8 Bit        Muxes := 12    
	   2 Input    6 Bit        Muxes := 2     
	   3 Input    6 Bit        Muxes := 1     
	   2 Input    5 Bit        Muxes := 26    
	   2 Input    4 Bit        Muxes := 12    
	   4 Input    3 Bit        Muxes := 1     
	   2 Input    2 Bit        Muxes := 12    
	   4 Input    2 Bit        Muxes := 1     
	   2 Input    1 Bit        Muxes := 15    
---------------------------------------------------------------------------------
Finished RTL Component Statistics 
---------------------------------------------------------------------------------
---------------------------------------------------------------------------------
Start Part Resource Summary
---------------------------------------------------------------------------------
Part Resources:
DSPs: 240 (col length:80)
BRAMs: 270 (col length: RAMB18 80 RAMB36 40)
---------------------------------------------------------------------------------
Finished Part Resource Summary
---------------------------------------------------------------------------------
---------------------------------------------------------------------------------
Start Cross Boundary and Area Optimization
---------------------------------------------------------------------------------
DSP Report: Generating DSP imgAddress1, operation Mode is: A*(B:0x2f).
DSP Report: operator imgAddress1 is absorbed into DSP imgAddress1.
DSP Report: Generating DSP imgAddress0, operation Mode is: PCIN+(A:0x0):B+(C:0xffffffffffc4).
DSP Report: operator imgAddress0 is absorbed into DSP imgAddress0.
DSP Report: Generating DSP p_1_out, operation Mode is: ((D or 0)+(0 or A))*(B:0x39).
DSP Report: operator imgAddress2 is absorbed into DSP p_1_out.
DSP Report: operator imgAddress2 is absorbed into DSP p_1_out.
DSP Report: Generating DSP imgAddress0, operation Mode is: PCIN+(A:0x0):B.
DSP Report: operator imgAddress0 is absorbed into DSP imgAddress0.
DSP Report: Generating DSP imgAddress0, operation Mode is: PCIN-(A:0x0):B.
DSP Report: operator imgAddress0 is absorbed into DSP imgAddress0.
DSP Report: Generating DSP imgAddress0, operation Mode is: C+(A:0x280)*B.
DSP Report: operator imgAddress0 is absorbed into DSP imgAddress0.
DSP Report: operator imgAddress1 is absorbed into DSP imgAddress0.
DSP Report: Generating DSP multdiv/mult/real_prod0, operation Mode is: A*B.
DSP Report: operator multdiv/mult/real_prod0 is absorbed into DSP multdiv/mult/real_prod0.
DSP Report: operator multdiv/mult/real_prod0 is absorbed into DSP multdiv/mult/real_prod0.
DSP Report: Generating DSP multdiv/mult/real_prod_reg, operation Mode is: (PCIN>>17)+A*B.
DSP Report: register multdiv/mult/real_prod_reg is absorbed into DSP multdiv/mult/real_prod_reg.
DSP Report: operator multdiv/mult/real_prod0 is absorbed into DSP multdiv/mult/real_prod_reg.
DSP Report: operator multdiv/mult/real_prod0 is absorbed into DSP multdiv/mult/real_prod_reg.
DSP Report: Generating DSP multdiv/mult/real_prod0, operation Mode is: A*B.
DSP Report: operator multdiv/mult/real_prod0 is absorbed into DSP multdiv/mult/real_prod0.
DSP Report: operator multdiv/mult/real_prod0 is absorbed into DSP multdiv/mult/real_prod0.
DSP Report: Generating DSP multdiv/mult/real_prod_reg, operation Mode is: (PCIN>>17)+A*B.
DSP Report: register multdiv/mult/real_prod_reg is absorbed into DSP multdiv/mult/real_prod_reg.
DSP Report: operator multdiv/mult/real_prod0 is absorbed into DSP multdiv/mult/real_prod_reg.
DSP Report: operator multdiv/mult/real_prod0 is absorbed into DSP multdiv/mult/real_prod_reg.
---------------------------------------------------------------------------------
Finished Cross Boundary and Area Optimization : Time (s): cpu = 00:01:32 ; elapsed = 00:01:34 . Memory (MB): peak = 1196.590 ; gain = 183.234
---------------------------------------------------------------------------------
---------------------------------------------------------------------------------
Start ROM, RAM, DSP and Shift Register Reporting
---------------------------------------------------------------------------------

ROM: Preliminary Mapping	Report
+------------+-------------------------+---------------+----------------+
|Module Name | RTL Object              | Depth x Width | Implemented As | 
+------------+-------------------------+---------------+----------------+
|Main        | CPU/InstMem/dataOut_reg | 4096x26       | Block RAM      | 
+------------+-------------------------+---------------+----------------+


Block RAM: Preliminary Mapping	Report (see note below)
+-------------------------+-----------------------------+------------------------+---+---+------------------------+---+---+------------------+--------+--------+
|Module Name              | RTL Object                  | PORT A (Depth x Width) | W | R | PORT B (Depth x Width) | W | R | Ports driving FF | RAMB18 | RAMB36 | 
+-------------------------+-----------------------------+------------------------+---+---+------------------------+---+---+------------------+--------+--------+
|IMG_RAM:                 | MemoryArray_reg             | 300 K x 9(NO_CHANGE)   | W | R |                        |   |   | Port A           | 0      | 90     | 
|IMG_RAM__parameterized0: | MemoryArray_reg             | 256 x 12(NO_CHANGE)    | W | R |                        |   |   | Port A           | 1      | 0      | 
|IMG_RAM__parameterized1: | MemoryArray_reg             | 1 K x 9(NO_CHANGE)     | W | R |                        |   |   | Port A           | 1      | 0      | 
|IMG_RAM__parameterized2: | MemoryArray_reg             | 256 x 12(NO_CHANGE)    | W | R |                        |   |   | Port A           | 1      | 0      | 
|IMG_RAM__parameterized3: | MemoryArray_reg             | 26 K x 9(NO_CHANGE)    | W | R |                        |   |   | Port A           | 0      | 9      | 
|IMG_RAM__parameterized4: | MemoryArray_reg             | 256 x 12(NO_CHANGE)    | W | R |                        |   |   | Port A           | 1      | 0      | 
|Main                     | CPU/ProcMem/MemoryArray_reg | 100 x 32(NO_CHANGE)    | W | R |                        |   |   | Port A           | 1      | 0      | 
+-------------------------+-----------------------------+------------------------+---+---+------------------------+---+---+------------------+--------+--------+

Note: The table above is a preliminary report that shows the Block RAMs at the current stage of the synthesis flow. Some Block RAMs may be reimplemented as non Block RAM primitives later in the synthesis flow. Multiple instantiated Block RAMs are reported only once. 

DSP: Preliminary Mapping	Report (see note below)
+--------------+-----------------------------------+--------+--------+--------+--------+--------+------+------+------+------+-------+------+------+
|Module Name   | DSP Mapping                       | A Size | B Size | C Size | D Size | P Size | AREG | BREG | CREG | DREG | ADREG | MREG | PREG | 
+--------------+-----------------------------------+--------+--------+--------+--------+--------+------+------+------+------+-------+------+------+
|BirdDisplay   | A*(B:0x2f)                        | 11     | 6      | -      | -      | 17     | 0    | 0    | -    | -    | -     | 0    | 0    | 
|BirdDisplay   | PCIN+(A:0x0):B+(C:0xffffffffffc4) | 30     | 10     | 7      | -      | -1     | 0    | 0    | 0    | -    | -     | 0    | 0    | 
|PipeDisplay   | ((D or 0)+(0 or A))*(B:0x39)      | 9      | 6      | -      | 15     | 15     | 0    | 0    | -    | 0    | 0     | 0    | 0    | 
|PipeDisplay   | PCIN+(A:0x0):B                    | 30     | 10     | -      | -      | -1     | 0    | 0    | -    | -    | -     | 0    | 0    | 
|PipeDisplay   | PCIN-(A:0x0):B                    | 30     | 15     | -      | -      | -1     | 0    | 0    | -    | -    | -     | 0    | 0    | 
|VGAController | C+(A:0x280)*B                     | 9      | 10     | 10     | -      | 19     | 0    | 0    | 0    | -    | -     | 0    | 0    | 
|multdiv_stage | A*B                               | 18     | 15     | -      | -      | 48     | 0    | 0    | -    | -    | -     | 0    | 0    | 
|multdiv_stage | (PCIN>>17)+A*B                    | 15     | 15     | -      | -      | 48     | 0    | 0    | -    | -    | -     | 0    | 1    | 
|multdiv_stage | A*B                               | 18     | 18     | -      | -      | 48     | 0    | 0    | -    | -    | -     | 0    | 0    | 
|multdiv_stage | (PCIN>>17)+A*B                    | 18     | 15     | -      | -      | 48     | 0    | 0    | -    | -    | -     | 0    | 1    | 
+--------------+-----------------------------------+--------+--------+--------+--------+--------+------+------+------+------+-------+------+------+

Note: The table above is a preliminary report that shows the DSPs inferred at the current stage of the synthesis flow. Some DSP may be reimplemented as non DSP primitives later in the synthesis flow. Multiple instantiated DSPs are reported only once.
---------------------------------------------------------------------------------
Finished ROM, RAM, DSP and Shift Register Reporting
---------------------------------------------------------------------------------
---------------------------------------------------------------------------------
Start Applying XDC Timing Constraints
---------------------------------------------------------------------------------
---------------------------------------------------------------------------------
Finished Applying XDC Timing Constraints : Time (s): cpu = 00:01:48 ; elapsed = 00:01:50 . Memory (MB): peak = 1196.590 ; gain = 183.234
---------------------------------------------------------------------------------
---------------------------------------------------------------------------------
Start Timing Optimization
---------------------------------------------------------------------------------
---------------------------------------------------------------------------------
Finished Timing Optimization : Time (s): cpu = 00:01:48 ; elapsed = 00:01:50 . Memory (MB): peak = 1196.590 ; gain = 183.234
---------------------------------------------------------------------------------
---------------------------------------------------------------------------------
Start ROM, RAM, DSP and Shift Register Reporting
---------------------------------------------------------------------------------

Block RAM: Final Mapping	Report
+-------------------------+-----------------------------+------------------------+---+---+------------------------+---+---+------------------+--------+--------+
|Module Name              | RTL Object                  | PORT A (Depth x Width) | W | R | PORT B (Depth x Width) | W | R | Ports driving FF | RAMB18 | RAMB36 | 
+-------------------------+-----------------------------+------------------------+---+---+------------------------+---+---+------------------+--------+--------+
|IMG_RAM:                 | MemoryArray_reg             | 300 K x 9(NO_CHANGE)   | W | R |                        |   |   | Port A           | 0      | 90     | 
|IMG_RAM__parameterized0: | MemoryArray_reg             | 256 x 12(NO_CHANGE)    | W | R |                        |   |   | Port A           | 1      | 0      | 
|IMG_RAM__parameterized1: | MemoryArray_reg             | 1 K x 9(NO_CHANGE)     | W | R |                        |   |   | Port A           | 1      | 0      | 
|IMG_RAM__parameterized2: | MemoryArray_reg             | 256 x 12(NO_CHANGE)    | W | R |                        |   |   | Port A           | 1      | 0      | 
|IMG_RAM__parameterized3: | MemoryArray_reg             | 26 K x 9(NO_CHANGE)    | W | R |                        |   |   | Port A           | 0      | 9      | 
|IMG_RAM__parameterized4: | MemoryArray_reg             | 256 x 12(NO_CHANGE)    | W | R |                        |   |   | Port A           | 1      | 0      | 
|Main                     | CPU/ProcMem/MemoryArray_reg | 100 x 32(NO_CHANGE)    | W | R |                        |   |   | Port A           | 1      | 0      | 
+-------------------------+-----------------------------+------------------------+---+---+------------------------+---+---+------------------+--------+--------+

---------------------------------------------------------------------------------
Finished ROM, RAM, DSP and Shift Register Reporting
---------------------------------------------------------------------------------
---------------------------------------------------------------------------------
Start Technology Mapping
---------------------------------------------------------------------------------
INFO: [Synth 8-7052] The timing for the instance vga_controller/background/ImageData/MemoryArray_reg_1_0 (implemented as a Block RAM) might be sub-optimal as no optional output register could be merged into the ram block. Providing additional output register may help in improving timing.
INFO: [Synth 8-7052] The timing for the instance vga_controller/background/ImageData/MemoryArray_reg_1_1 (implemented as a Block RAM) might be sub-optimal as no optional output register could be merged into the ram block. Providing additional output register may help in improving timing.
INFO: [Synth 8-7052] The timing for the instance vga_controller/background/ImageData/MemoryArray_reg_1_2 (implemented as a Block RAM) might be sub-optimal as no optional output register could be merged into the ram block. Providing additional output register may help in improving timing.
INFO: [Synth 8-7052] The timing for the instance vga_controller/background/ImageData/MemoryArray_reg_1_3 (implemented as a Block RAM) might be sub-optimal as no optional output register could be merged into the ram block. Providing additional output register may help in improving timing.
INFO: [Synth 8-7052] The timing for the instance vga_controller/background/ImageData/MemoryArray_reg_1_4 (implemented as a Block RAM) might be sub-optimal as no optional output register could be merged into the ram block. Providing additional output register may help in improving timing.
INFO: [Synth 8-7052] The timing for the instance vga_controller/background/ImageData/MemoryArray_reg_1_5 (implemented as a Block RAM) might be sub-optimal as no optional output register could be merged into the ram block. Providing additional output register may help in improving timing.
INFO: [Synth 8-7052] The timing for the instance vga_controller/background/ImageData/MemoryArray_reg_1_6 (implemented as a Block RAM) might be sub-optimal as no optional output register could be merged into the ram block. Providing additional output register may help in improving timing.
INFO: [Synth 8-7052] The timing for the instance vga_controller/background/ImageData/MemoryArray_reg_1_7 (implemented as a Block RAM) might be sub-optimal as no optional output register could be merged into the ram block. Providing additional output register may help in improving timing.
INFO: [Synth 8-7052] The timing for the instance vga_controller/background/ImageData/MemoryArray_reg_3_0 (implemented as a Block RAM) might be sub-optimal as no optional output register could be merged into the ram block. Providing additional output register may help in improving timing.
INFO: [Synth 8-7052] The timing for the instance vga_controller/background/ImageData/MemoryArray_reg_3_1 (implemented as a Block RAM) might be sub-optimal as no optional output register could be merged into the ram block. Providing additional output register may help in improving timing.
INFO: [Synth 8-7052] The timing for the instance vga_controller/background/ImageData/MemoryArray_reg_3_2 (implemented as a Block RAM) might be sub-optimal as no optional output register could be merged into the ram block. Providing additional output register may help in improving timing.
INFO: [Synth 8-7052] The timing for the instance vga_controller/background/ImageData/MemoryArray_reg_3_3 (implemented as a Block RAM) might be sub-optimal as no optional output register could be merged into the ram block. Providing additional output register may help in improving timing.
INFO: [Synth 8-7052] The timing for the instance vga_controller/background/ImageData/MemoryArray_reg_3_4 (implemented as a Block RAM) might be sub-optimal as no optional output register could be merged into the ram block. Providing additional output register may help in improving timing.
INFO: [Synth 8-7052] The timing for the instance vga_controller/background/ImageData/MemoryArray_reg_3_5 (implemented as a Block RAM) might be sub-optimal as no optional output register could be merged into the ram block. Providing additional output register may help in improving timing.
INFO: [Synth 8-7052] The timing for the instance vga_controller/background/ImageData/MemoryArray_reg_3_6 (implemented as a Block RAM) might be sub-optimal as no optional output register could be merged into the ram block. Providing additional output register may help in improving timing.
INFO: [Synth 8-7052] The timing for the instance vga_controller/background/ImageData/MemoryArray_reg_3_7 (implemented as a Block RAM) might be sub-optimal as no optional output register could be merged into the ram block. Providing additional output register may help in improving timing.
INFO: [Synth 8-7052] The timing for the instance vga_controller/background/ImageData/MemoryArray_reg_5_0 (implemented as a Block RAM) might be sub-optimal as no optional output register could be merged into the ram block. Providing additional output register may help in improving timing.
INFO: [Synth 8-7052] The timing for the instance vga_controller/background/ImageData/MemoryArray_reg_5_1 (implemented as a Block RAM) might be sub-optimal as no optional output register could be merged into the ram block. Providing additional output register may help in improving timing.
INFO: [Synth 8-7052] The timing for the instance vga_controller/background/ImageData/MemoryArray_reg_5_2 (implemented as a Block RAM) might be sub-optimal as no optional output register could be merged into the ram block. Providing additional output register may help in improving timing.
INFO: [Synth 8-7052] The timing for the instance vga_controller/background/ImageData/MemoryArray_reg_5_3 (implemented as a Block RAM) might be sub-optimal as no optional output register could be merged into the ram block. Providing additional output register may help in improving timing.
INFO: [Synth 8-7052] The timing for the instance vga_controller/background/ImageData/MemoryArray_reg_5_4 (implemented as a Block RAM) might be sub-optimal as no optional output register could be merged into the ram block. Providing additional output register may help in improving timing.
INFO: [Synth 8-7052] The timing for the instance vga_controller/background/ImageData/MemoryArray_reg_5_5 (implemented as a Block RAM) might be sub-optimal as no optional output register could be merged into the ram block. Providing additional output register may help in improving timing.
INFO: [Synth 8-7052] The timing for the instance vga_controller/background/ImageData/MemoryArray_reg_5_6 (implemented as a Block RAM) might be sub-optimal as no optional output register could be merged into the ram block. Providing additional output register may help in improving timing.
INFO: [Synth 8-7052] The timing for the instance vga_controller/background/ImageData/MemoryArray_reg_5_7 (implemented as a Block RAM) might be sub-optimal as no optional output register could be merged into the ram block. Providing additional output register may help in improving timing.
INFO: [Synth 8-7052] The timing for the instance vga_controller/background/ImageData/MemoryArray_reg_7_0 (implemented as a Block RAM) might be sub-optimal as no optional output register could be merged into the ram block. Providing additional output register may help in improving timing.
INFO: [Synth 8-7052] The timing for the instance vga_controller/background/ImageData/MemoryArray_reg_7_1 (implemented as a Block RAM) might be sub-optimal as no optional output register could be merged into the ram block. Providing additional output register may help in improving timing.
INFO: [Synth 8-7052] The timing for the instance vga_controller/background/ImageData/MemoryArray_reg_7_2 (implemented as a Block RAM) might be sub-optimal as no optional output register could be merged into the ram block. Providing additional output register may help in improving timing.
INFO: [Synth 8-7052] The timing for the instance vga_controller/background/ImageData/MemoryArray_reg_7_3 (implemented as a Block RAM) might be sub-optimal as no optional output register could be merged into the ram block. Providing additional output register may help in improving timing.
INFO: [Synth 8-7052] The timing for the instance vga_controller/background/ImageData/MemoryArray_reg_7_4 (implemented as a Block RAM) might be sub-optimal as no optional output register could be merged into the ram block. Providing additional output register may help in improving timing.
INFO: [Synth 8-7052] The timing for the instance vga_controller/background/ImageData/MemoryArray_reg_7_5 (implemented as a Block RAM) might be sub-optimal as no optional output register could be merged into the ram block. Providing additional output register may help in improving timing.
INFO: [Synth 8-7052] The timing for the instance vga_controller/background/ImageData/MemoryArray_reg_7_6 (implemented as a Block RAM) might be sub-optimal as no optional output register could be merged into the ram block. Providing additional output register may help in improving timing.
INFO: [Synth 8-7052] The timing for the instance vga_controller/background/ImageData/MemoryArray_reg_7_7 (implemented as a Block RAM) might be sub-optimal as no optional output register could be merged into the ram block. Providing additional output register may help in improving timing.
INFO: [Synth 8-7052] The timing for the instance vga_controller/background/ImageData/MemoryArray_reg_9_0 (implemented as a Block RAM) might be sub-optimal as no optional output register could be merged into the ram block. Providing additional output register may help in improving timing.
INFO: [Synth 8-7052] The timing for the instance vga_controller/background/ImageData/MemoryArray_reg_9_1 (implemented as a Block RAM) might be sub-optimal as no optional output register could be merged into the ram block. Providing additional output register may help in improving timing.
INFO: [Synth 8-7052] The timing for the instance vga_controller/background/ImageData/MemoryArray_reg_9_2 (implemented as a Block RAM) might be sub-optimal as no optional output register could be merged into the ram block. Providing additional output register may help in improving timing.
INFO: [Synth 8-7052] The timing for the instance vga_controller/background/ImageData/MemoryArray_reg_9_3 (implemented as a Block RAM) might be sub-optimal as no optional output register could be merged into the ram block. Providing additional output register may help in improving timing.
INFO: [Synth 8-7052] The timing for the instance vga_controller/background/ImageData/MemoryArray_reg_9_4 (implemented as a Block RAM) might be sub-optimal as no optional output register could be merged into the ram block. Providing additional output register may help in improving timing.
INFO: [Synth 8-7052] The timing for the instance vga_controller/background/ImageData/MemoryArray_reg_9_5 (implemented as a Block RAM) might be sub-optimal as no optional output register could be merged into the ram block. Providing additional output register may help in improving timing.
INFO: [Synth 8-7052] The timing for the instance vga_controller/background/ImageData/MemoryArray_reg_9_6 (implemented as a Block RAM) might be sub-optimal as no optional output register could be merged into the ram block. Providing additional output register may help in improving timing.
INFO: [Synth 8-7052] The timing for the instance vga_controller/background/ImageData/MemoryArray_reg_9_7 (implemented as a Block RAM) might be sub-optimal as no optional output register could be merged into the ram block. Providing additional output register may help in improving timing.
INFO: [Synth 8-7052] The timing for the instance vga_controller/background/ColorPalette/MemoryArray_reg (implemented as a Block RAM) might be sub-optimal as no optional output register could be merged into the ram block. Providing additional output register may help in improving timing.
INFO: [Synth 8-7052] The timing for the instance vga_controller/birdDisplay/birdImage/ImageData/MemoryArray_reg (implemented as a Block RAM) might be sub-optimal as no optional output register could be merged into the ram block. Providing additional output register may help in improving timing.
INFO: [Synth 8-7052] The timing for the instance vga_controller/birdDisplay/birdImage/ColorPalette/MemoryArray_reg (implemented as a Block RAM) might be sub-optimal as no optional output register could be merged into the ram block. Providing additional output register may help in improving timing.
INFO: [Synth 8-7052] The timing for the instance vga_controller/pipe1Display/pipeImage/ImageData/MemoryArray_reg_0_0 (implemented as a Block RAM) might be sub-optimal as no optional output register could be merged into the ram block. Providing additional output register may help in improving timing.
INFO: [Synth 8-7052] The timing for the instance vga_controller/pipe1Display/pipeImage/ImageData/MemoryArray_reg_0_1 (implemented as a Block RAM) might be sub-optimal as no optional output register could be merged into the ram block. Providing additional output register may help in improving timing.
INFO: [Synth 8-7052] The timing for the instance vga_controller/pipe1Display/pipeImage/ImageData/MemoryArray_reg_0_2 (implemented as a Block RAM) might be sub-optimal as no optional output register could be merged into the ram block. Providing additional output register may help in improving timing.
INFO: [Synth 8-7052] The timing for the instance vga_controller/pipe1Display/pipeImage/ImageData/MemoryArray_reg_0_3 (implemented as a Block RAM) might be sub-optimal as no optional output register could be merged into the ram block. Providing additional output register may help in improving timing.
INFO: [Synth 8-7052] The timing for the instance vga_controller/pipe1Display/pipeImage/ImageData/MemoryArray_reg_0_4 (implemented as a Block RAM) might be sub-optimal as no optional output register could be merged into the ram block. Providing additional output register may help in improving timing.
INFO: [Synth 8-7052] The timing for the instance vga_controller/pipe1Display/pipeImage/ImageData/MemoryArray_reg_0_5 (implemented as a Block RAM) might be sub-optimal as no optional output register could be merged into the ram block. Providing additional output register may help in improving timing.
INFO: [Synth 8-7052] The timing for the instance vga_controller/pipe1Display/pipeImage/ImageData/MemoryArray_reg_0_6 (implemented as a Block RAM) might be sub-optimal as no optional output register could be merged into the ram block. Providing additional output register may help in improving timing.
INFO: [Synth 8-7052] The timing for the instance vga_controller/pipe1Display/pipeImage/ImageData/MemoryArray_reg_0_7 (implemented as a Block RAM) might be sub-optimal as no optional output register could be merged into the ram block. Providing additional output register may help in improving timing.
INFO: [Synth 8-7052] The timing for the instance vga_controller/pipe1Display/pipeImage/ColorPalette/MemoryArray_reg (implemented as a Block RAM) might be sub-optimal as no optional output register could be merged into the ram block. Providing additional output register may help in improving timing.
INFO: [Synth 8-7052] The timing for the instance CPU/ProcMem/MemoryArray_reg (implemented as a Block RAM) might be sub-optimal as no optional output register could be merged into the ram block. Providing additional output register may help in improving timing.
INFO: [Synth 8-7052] The timing for the instance CPU/ProcMem/MemoryArray_reg (implemented as a Block RAM) might be sub-optimal as no optional output register could be merged into the ram block. Providing additional output register may help in improving timing.
INFO: [Synth 8-7052] The timing for the instance CPU/InstMem/dataOut_reg_0 (implemented as a Block RAM) might be sub-optimal as no optional output register could be merged into the ram block. Providing additional output register may help in improving timing.
INFO: [Synth 8-7052] The timing for the instance CPU/InstMem/dataOut_reg_1 (implemented as a Block RAM) might be sub-optimal as no optional output register could be merged into the ram block. Providing additional output register may help in improving timing.
INFO: [Synth 8-7052] The timing for the instance CPU/InstMem/dataOut_reg_2 (implemented as a Block RAM) might be sub-optimal as no optional output register could be merged into the ram block. Providing additional output register may help in improving timing.
---------------------------------------------------------------------------------
Finished Technology Mapping : Time (s): cpu = 00:01:54 ; elapsed = 00:01:55 . Memory (MB): peak = 1260.750 ; gain = 247.395
---------------------------------------------------------------------------------
---------------------------------------------------------------------------------
Start IO Insertion
---------------------------------------------------------------------------------
---------------------------------------------------------------------------------
Start Flattening Before IO Insertion
---------------------------------------------------------------------------------
---------------------------------------------------------------------------------
Finished Flattening Before IO Insertion
---------------------------------------------------------------------------------
---------------------------------------------------------------------------------
Start Final Netlist Cleanup
---------------------------------------------------------------------------------
---------------------------------------------------------------------------------
Finished Final Netlist Cleanup
---------------------------------------------------------------------------------
---------------------------------------------------------------------------------
Finished IO Insertion : Time (s): cpu = 00:02:01 ; elapsed = 00:02:03 . Memory (MB): peak = 1265.867 ; gain = 252.512
---------------------------------------------------------------------------------
---------------------------------------------------------------------------------
Start Renaming Generated Instances
---------------------------------------------------------------------------------
---------------------------------------------------------------------------------
Finished Renaming Generated Instances : Time (s): cpu = 00:02:01 ; elapsed = 00:02:03 . Memory (MB): peak = 1265.867 ; gain = 252.512
---------------------------------------------------------------------------------
---------------------------------------------------------------------------------
Start Rebuilding User Hierarchy
---------------------------------------------------------------------------------
---------------------------------------------------------------------------------
Finished Rebuilding User Hierarchy : Time (s): cpu = 00:02:01 ; elapsed = 00:02:03 . Memory (MB): peak = 1265.867 ; gain = 252.512
---------------------------------------------------------------------------------
---------------------------------------------------------------------------------
Start Renaming Generated Ports
---------------------------------------------------------------------------------
---------------------------------------------------------------------------------
Finished Renaming Generated Ports : Time (s): cpu = 00:02:02 ; elapsed = 00:02:04 . Memory (MB): peak = 1265.867 ; gain = 252.512
---------------------------------------------------------------------------------
---------------------------------------------------------------------------------
Start Handling Custom Attributes
---------------------------------------------------------------------------------
---------------------------------------------------------------------------------
Finished Handling Custom Attributes : Time (s): cpu = 00:02:02 ; elapsed = 00:02:04 . Memory (MB): peak = 1265.906 ; gain = 252.551
---------------------------------------------------------------------------------
---------------------------------------------------------------------------------
Start Renaming Generated Nets
---------------------------------------------------------------------------------
---------------------------------------------------------------------------------
Finished Renaming Generated Nets : Time (s): cpu = 00:02:02 ; elapsed = 00:02:04 . Memory (MB): peak = 1265.906 ; gain = 252.551
---------------------------------------------------------------------------------
---------------------------------------------------------------------------------
Start Writing Synthesis Report
---------------------------------------------------------------------------------

Report BlackBoxes: 
+-+--------------+----------+
| |BlackBox name |Instances |
+-+--------------+----------+
+-+--------------+----------+

Report Cell Usage: 
+------+---------+------+
|      |Cell     |Count |
+------+---------+------+
|1     |BUFG     |     2|
|2     |CARRY4   |   167|
|3     |DSP48E1  |    10|
|10    |LUT1     |   107|
|11    |LUT2     |   702|
|12    |LUT3     |   204|
|13    |LUT4     |   321|
|14    |LUT5     |   654|
|15    |LUT6     |  1328|
|16    |MUXF7    |     1|
|17    |RAMB18E1 |     5|
|22    |RAMB36E1 |    91|
|50    |FDRE     |  1897|
|51    |IBUF     |     2|
|52    |OBUF     |    14|
+------+---------+------+
---------------------------------------------------------------------------------
Finished Writing Synthesis Report : Time (s): cpu = 00:02:02 ; elapsed = 00:02:04 . Memory (MB): peak = 1265.906 ; gain = 252.551
---------------------------------------------------------------------------------
Synthesis finished with 0 errors, 0 critical warnings and 0 warnings.
Synthesis Optimization Runtime : Time (s): cpu = 00:01:44 ; elapsed = 00:01:59 . Memory (MB): peak = 1265.906 ; gain = 182.777
Synthesis Optimization Complete : Time (s): cpu = 00:02:03 ; elapsed = 00:02:05 . Memory (MB): peak = 1265.906 ; gain = 252.551
INFO: [Project 1-571] Translating synthesized netlist
Netlist sorting complete. Time (s): cpu = 00:00:00 ; elapsed = 00:00:00.220 . Memory (MB): peak = 1278.227 ; gain = 0.000
INFO: [Netlist 29-17] Analyzing 274 Unisim elements for replacement
INFO: [Netlist 29-28] Unisim Transformation completed in 0 CPU seconds
INFO: [Project 1-570] Preparing netlist for logic optimization
INFO: [Opt 31-138] Pushed 1 inverter(s) to 2 load pin(s).
Netlist sorting complete. Time (s): cpu = 00:00:00 ; elapsed = 00:00:00.011 . Memory (MB): peak = 1278.227 ; gain = 0.000
INFO: [Project 1-111] Unisim Transformation Summary:
No Unisim elements were transformed.

INFO: [Common 17-83] Releasing license: Synthesis
220 Infos, 44 Warnings, 0 Critical Warnings and 0 Errors encountered.
synth_design completed successfully
synth_design: Time (s): cpu = 00:02:13 ; elapsed = 00:02:17 . Memory (MB): peak = 1278.227 ; gain = 264.871
INFO: [Common 17-1381] The checkpoint 'C:/Users/joshr/Documents/Duke/Duke Fall 2021/ECE350/ECE350FinalProject/bird_project/bird_project.runs/synth_1/Main.dcp' has been generated.
INFO: [runtcl-4] Executing : report_utilization -file Main_utilization_synth.rpt -pb Main_utilization_synth.pb
INFO: [Common 17-206] Exiting Vivado at Sun Nov 28 23:55:56 2021...
